\BOOKMARK [0][]{chapter*.1}{\376\377\122\115\212\000}{}% 1
\BOOKMARK [1][]{section.0.1}{\376\377\0000\000.\0001\000\040\121\163\116\216\134\001\227\142}{chapter*.1}% 2
\BOOKMARK [1][]{section.0.2}{\376\377\0000\000.\0002\000\040\176\277\116\012\215\104\156\220}{chapter*.1}% 3
\BOOKMARK [0][]{chapter*.2}{\376\377\201\364\214\042}{}% 4
\BOOKMARK [0][]{chapter*.3}{\376\377\117\134\200\005}{}% 5
\BOOKMARK [0][]{chapter.1}{\376\377\0001\000\040\126\376\137\142\133\146\116\313\176\315}{}% 6
\BOOKMARK [1][]{section.1.1}{\376\377\0001\000.\0001\000\040\126\376\137\142\133\146\230\206\127\337}{chapter.1}% 7
\BOOKMARK [1][]{section.1.2}{\376\377\0001\000.\0002\000\040\116\073\211\201\136\224\165\050}{chapter.1}% 8
\BOOKMARK [1][]{section.1.3}{\376\377\0001\000.\0003\000\040\126\376\137\142\000A\000P\000I}{chapter.1}% 9
\BOOKMARK [1][]{section.1.4}{\376\377\0001\000.\0004\000\040\126\376\137\142\173\241\220\123}{chapter.1}% 10
\BOOKMARK [1][]{section.1.5}{\376\377\0001\000.\0005\000\040\145\160\120\074\225\356\230\230}{chapter.1}% 11
\BOOKMARK [1][]{section.1.6}{\376\377\0001\000.\0006\000\040\145\110\163\207}{chapter.1}% 12
\BOOKMARK [1][]{section.1.7}{\376\377\0001\000.\0007\000\040\126\376\137\142\172\013\136\217\213\276\213\241\124\214\177\026\170\001}{chapter.1}% 13
\BOOKMARK [2][]{subsection.1.7.1}{\376\377\0001\000.\0007\000.\0001\000\040\174\173\127\213\213\276\213\241}{section.1.7}% 14
\BOOKMARK [2][]{subsection.1.7.2}{\376\377\0001\000.\0007\000.\0002\000\040\123\125\174\276\136\246\116\016\123\314\174\276\136\246\155\156\160\271\145\160}{section.1.7}% 15
\BOOKMARK [2][]{subsection.1.7.3}{\376\377\0001\000.\0007\000.\0003\000\040\214\003\213\325\126\376\137\142\172\013\136\217}{section.1.7}% 16
\BOOKMARK [3][]{subsubsection.1.7.3.1}{\376\377\0001\000.\0007\000.\0003\000.\0001\000\040\171\321\133\146\166\204\145\271\154\325}{subsection.1.7.3}% 17
\BOOKMARK [3][]{subsubsection.1.7.3.2}{\376\377\0001\000.\0007\000.\0003\000.\0002\000\040\126\376\120\317\117\134\116\072\177\026\170\001\214\003\213\325\166\204\217\223\121\372}{subsection.1.7.3}% 18
\BOOKMARK [3][]{subsubsection.1.7.3.3}{\376\377\0001\000.\0007\000.\0003\000.\0003\000\040\117\177\165\050\214\003\213\325\126\150}{subsection.1.7.3}% 19
\BOOKMARK [3][]{subsubsection.1.7.3.4}{\376\377\0001\000.\0007\000.\0003\000.\0004\000\040\214\003\213\325\145\160\143\156\166\204\123\357\211\306\123\026}{subsection.1.7.3}% 20
\BOOKMARK [0][]{chapter.2}{\376\377\0002\000\040\124\004\171\315\145\160\133\146\167\345\213\306}{}% 21
\BOOKMARK [1][]{section.2.1}{\376\377\0002\000.\0001\000\040\226\306\124\010\124\214\146\040\134\004}{chapter.2}% 22
\BOOKMARK [2][]{subsection.2.1.1}{\376\377\0002\000.\0001\000.\0001\000\040\220\006\124\021\146\040\134\004}{section.2.1}% 23
\BOOKMARK [1][]{section.2.2}{\376\377\0002\000.\0002\000\040\154\102\211\343\116\214\153\041\145\271\172\013}{chapter.2}% 24
\BOOKMARK [1][]{section.2.3}{\376\377\0002\000.\0003\000\040\116\011\211\322\133\146}{chapter.2}% 25
\BOOKMARK [1][]{section.2.4}{\376\377\0002\000.\0004\000\040\167\342\221\317\126\376}{chapter.2}% 26
\BOOKMARK [1][]{section.2.5}{\376\377\0002\000.\0005\000\040\171\357\122\006}{chapter.2}% 27
\BOOKMARK [1][]{section.2.6}{\376\377\0002\000.\0006\000\040\133\306\136\246\121\375\145\160}{chapter.2}% 28
\BOOKMARK [1][]{section.2.7}{\376\377\0002\000.\0007\000\040\146\362\176\277\124\214\146\362\227\142}{chapter.2}% 29
\BOOKMARK [1][]{section.2.8}{\376\377\0002\000.\0008\000\040\176\277\140\047\143\322\120\074}{chapter.2}% 30
\BOOKMARK [1][]{section.2.9}{\376\377\0002\000.\0009\000\040\116\011\211\322\137\142}{chapter.2}% 31
\BOOKMARK [1][]{section.2.10}{\376\377\0002\000.\0001\0000\000\040\171\273\145\143\151\202\163\207}{chapter.2}% 32
\BOOKMARK [1][]{section.2.11}{\376\377\0002\000.\0001\0001\000\040\217\336\176\355\151\202\163\207}{chapter.2}% 33
\BOOKMARK [1][]{section.2.12}{\376\377\0002\000.\0001\0002\000\040\204\231\162\171\123\141\155\033\171\357\122\006}{chapter.2}% 34
\BOOKMARK [0][]{chapter.3}{\376\377\0003\000\040\121\111\150\005\126\376\120\317}{}% 35
\BOOKMARK [1][]{section.3.1}{\376\377\0003\000.\0001\000\040\121\111\150\005\213\276\131\007}{chapter.3}% 36
\BOOKMARK [1][]{section.3.2}{\376\377\0003\000.\0002\000\040\126\376\120\317\060\001\120\317\175\040\124\214\121\340\117\125}{chapter.3}% 37
\BOOKMARK [1][]{section.3.3}{\376\377\0003\000.\0003\000\040\000R\000G\000B\230\234\202\162}{chapter.3}% 38
\BOOKMARK [1][]{section.3.4}{\376\377\0003\000.\0004\000\040\226\077\134\024\154\325\124\010\142\020}{chapter.3}% 39
\BOOKMARK [0][]{chapter.4}{\376\377\0004\000\040\121\111\176\277\217\375\216\052}{}% 40
\BOOKMARK [1][]{section.4.1}{\376\377\0004\000.\0001\000\040\127\372\170\100\121\111\176\277\217\375\216\052\173\227\154\325}{chapter.4}% 41
\BOOKMARK [1][]{section.4.2}{\376\377\0004\000.\0002\000\040\220\017\211\306\126\376}{chapter.4}% 42
\BOOKMARK [1][]{section.4.3}{\376\377\0004\000.\0003\000\040\213\241\173\227\211\306\176\277}{chapter.4}% 43
\BOOKMARK [1][]{section.4.4}{\376\377\0004\000.\0004\000\040\121\111\176\277\166\370\116\244}{chapter.4}% 44
\BOOKMARK [1][]{section.4.5}{\376\377\0004\000.\0005\000\040\226\064\137\161}{chapter.4}% 45
\BOOKMARK [1][]{section.4.6}{\376\377\0004\000.\0006\000\040\123\206\123\362\173\024\213\260}{chapter.4}% 46
